<?xml version="1.0" encoding="UTF-8"?>
<!-- Generated by org.testng.reporters.JUnitXMLReporter -->
<testsuite hostname="dluhsoni362446" ignored="0" name="Test" tests="8" failures="0" timestamp="10 Feb 2017 11:57:49 GMT" time="47.553" errors="0">
  <testcase name="InvokeAppInBrowser" time="16.775" classname="Himanshu.EbayProj.BasicSetup"/>
  <testcase name="searchProductOnEbay" time="3.818" classname="Himanshu.EbayProj.SearchProduct"/>
  <testcase name="validateAllProductsOnSearchPage" time="1.704" classname="Himanshu.EbayProj.SearchProduct"/>
  <testcase name="selectItemCategoryByScreenSize" time="3.501" classname="Himanshu.EbayProj.SearchProduct"/>
  <testcase name="randomItemSelector" time="7.33" classname="Himanshu.EbayProj.SearchProduct"/>
  <testcase name="validateProductDetails" time="3.755" classname="Himanshu.EbayProj.SearchProduct"/>
  <testcase name="validateShoppingCart" time="10.514" classname="Himanshu.EbayProj.SearchProduct"/>
  <testcase name="validateGuestCheckOutScreen" time="0.101" classname="Himanshu.EbayProj.SearchProduct"/>
</testsuite> <!-- Test -->
