<?xml version="1.0" encoding="UTF-8"?>
<!-- Generated by org.testng.reporters.JUnitXMLReporter -->
<testsuite hostname="dluhsoni362446" ignored="0" name="Test" tests="8" failures="0" timestamp="10 Feb 2017 13:22:42 GMT" time="45.583" errors="0">
  <testcase name="InvokeAppInBrowser" time="16.021" classname="Himanshu.EbayProj.BasicSetup"/>
  <testcase name="searchProductOnEbay" time="3.893" classname="Himanshu.EbayProj.SearchProduct"/>
  <testcase name="validateAllProductsOnSearchPage" time="1.753" classname="Himanshu.EbayProj.SearchProduct"/>
  <testcase name="selectItemCategoryByScreenSize" time="3.038" classname="Himanshu.EbayProj.SearchProduct"/>
  <testcase name="randomItemSelector" time="7.533" classname="Himanshu.EbayProj.SearchProduct"/>
  <testcase name="validateProductDetails" time="3.59" classname="Himanshu.EbayProj.SearchProduct"/>
  <testcase name="validateShoppingCart" time="9.676" classname="Himanshu.EbayProj.SearchProduct"/>
  <testcase name="validateGuestCheckOutScreen" time="0.058" classname="Himanshu.EbayProj.SearchProduct"/>
</testsuite> <!-- Test -->
