<?xml version="1.0" encoding="UTF-8"?>
<testsuite name="TestSuite" time="45.562" tests="8" errors="0" skipped="0" failures="0">
  <properties>
[...]
</properties>
  <testcase name="InvokeAppInBrowser" classname="Himanshu.EbayProj.BasicSetup" time="16.033"/>
  <testcase name="searchProductOnEbay" classname="Himanshu.EbayProj.SearchProduct" time="3.879"/>
  <testcase name="validateAllProductsOnSearchPage" classname="Himanshu.EbayProj.SearchProduct" time="1.754"/>
  <testcase name="selectItemCategoryByScreenSize" classname="Himanshu.EbayProj.SearchProduct" time="3.038"/>
  <testcase name="randomItemSelector" classname="Himanshu.EbayProj.SearchProduct" time="7.535"/>
  <testcase name="validateProductDetails" classname="Himanshu.EbayProj.SearchProduct" time="3.589"/>
  <testcase name="validateShoppingCart" classname="Himanshu.EbayProj.SearchProduct" time="9.676"/>
  <testcase name="validateGuestCheckOutScreen" classname="Himanshu.EbayProj.SearchProduct" time="0.058"/>
</testsuite>